09-Aug-2017 14:51:17.556 INFO [main] org.apache.catalina.startup.VersionLoggerListener.log Server version:        Apache Tomcat/8.0.32
09-Aug-2017 14:51:17.557 INFO [main] org.apache.catalina.startup.VersionLoggerListener.log Server built:          Feb 2 2016 19:34:53 UTC
09-Aug-2017 14:51:17.558 INFO [main] org.apache.catalina.startup.VersionLoggerListener.log Server number:         8.0.32.0
09-Aug-2017 14:51:17.558 INFO [main] org.apache.catalina.startup.VersionLoggerListener.log OS Name:               Windows 7
09-Aug-2017 14:51:17.558 INFO [main] org.apache.catalina.startup.VersionLoggerListener.log OS Version:            6.1
09-Aug-2017 14:51:17.558 INFO [main] org.apache.catalina.startup.VersionLoggerListener.log Architecture:          amd64
09-Aug-2017 14:51:17.558 INFO [main] org.apache.catalina.startup.VersionLoggerListener.log Java Home:             C:\Program Files\Java\jdk1.8.0_77\jre
09-Aug-2017 14:51:17.559 INFO [main] org.apache.catalina.startup.VersionLoggerListener.log JVM Version:           1.8.0_77-b03
09-Aug-2017 14:51:17.559 INFO [main] org.apache.catalina.startup.VersionLoggerListener.log JVM Vendor:            Oracle Corporation
09-Aug-2017 14:51:17.559 INFO [main] org.apache.catalina.startup.VersionLoggerListener.log CATALINA_BASE:         F:\tomcat\apache-tomcat-8.0.32
09-Aug-2017 14:51:17.559 INFO [main] org.apache.catalina.startup.VersionLoggerListener.log CATALINA_HOME:         F:\tomcat\apache-tomcat-8.0.32
09-Aug-2017 14:51:17.560 INFO [main] org.apache.catalina.startup.VersionLoggerListener.log Command line argument: -Djava.util.logging.config.file=F:\tomcat\apache-tomcat-8.0.32\conf\logging.properties
09-Aug-2017 14:51:17.560 INFO [main] org.apache.catalina.startup.VersionLoggerListener.log Command line argument: -Djava.util.logging.manager=org.apache.juli.ClassLoaderLogManager
09-Aug-2017 14:51:17.561 INFO [main] org.apache.catalina.startup.VersionLoggerListener.log Command line argument: -Djava.endorsed.dirs=F:\tomcat\apache-tomcat-8.0.32\endorsed
09-Aug-2017 14:51:17.561 INFO [main] org.apache.catalina.startup.VersionLoggerListener.log Command line argument: -Dcatalina.base=F:\tomcat\apache-tomcat-8.0.32
09-Aug-2017 14:51:17.562 INFO [main] org.apache.catalina.startup.VersionLoggerListener.log Command line argument: -Dcatalina.home=F:\tomcat\apache-tomcat-8.0.32
09-Aug-2017 14:51:17.563 INFO [main] org.apache.catalina.startup.VersionLoggerListener.log Command line argument: -Djava.io.tmpdir=F:\tomcat\apache-tomcat-8.0.32\temp
09-Aug-2017 14:51:17.564 INFO [main] org.apache.catalina.core.AprLifecycleListener.lifecycleEvent Loaded APR based Apache Tomcat Native library 1.2.4 using APR version 1.5.1.
09-Aug-2017 14:51:17.564 INFO [main] org.apache.catalina.core.AprLifecycleListener.lifecycleEvent APR capabilities: IPv6 [true], sendfile [true], accept filters [false], random [true].
09-Aug-2017 14:51:18.351 INFO [main] org.apache.catalina.core.AprLifecycleListener.initializeSSL OpenSSL successfully initialized (OpenSSL 1.0.2e 3 Dec 2015)
09-Aug-2017 14:51:18.505 INFO [main] org.apache.coyote.AbstractProtocol.init Initializing ProtocolHandler ["http-apr-8090"]
09-Aug-2017 14:51:18.556 SEVERE [main] org.apache.coyote.AbstractProtocol.init Failed to initialize end point associated with ProtocolHandler ["http-apr-8090"]
 java.lang.Exception: Socket bind failed: [730013] ???????????????¨ª????¡Á??????¡¤??????¡Á?
	at org.apache.tomcat.util.net.AprEndpoint.bind(AprEndpoint.java:471)
	at org.apache.tomcat.util.net.AbstractEndpoint.init(AbstractEndpoint.java:742)
	at org.apache.coyote.AbstractProtocol.init(AbstractProtocol.java:458)
	at org.apache.catalina.connector.Connector.initInternal(Connector.java:960)
	at org.apache.catalina.util.LifecycleBase.init(LifecycleBase.java:102)
	at org.apache.catalina.core.StandardService.initInternal(StandardService.java:568)
	at org.apache.catalina.util.LifecycleBase.init(LifecycleBase.java:102)
	at org.apache.catalina.core.StandardServer.initInternal(StandardServer.java:851)
	at org.apache.catalina.util.LifecycleBase.init(LifecycleBase.java:102)
	at org.apache.catalina.startup.Catalina.load(Catalina.java:580)
	at org.apache.catalina.startup.Catalina.load(Catalina.java:603)
	at sun.reflect.NativeMethodAccessorImpl.invoke0(Native Method)
	at sun.reflect.NativeMethodAccessorImpl.invoke(NativeMethodAccessorImpl.java:62)
	at sun.reflect.DelegatingMethodAccessorImpl.invoke(DelegatingMethodAccessorImpl.java:43)
	at java.lang.reflect.Method.invoke(Method.java:498)
	at org.apache.catalina.startup.Bootstrap.load(Bootstrap.java:310)
	at org.apache.catalina.startup.Bootstrap.main(Bootstrap.java:484)

09-Aug-2017 14:51:18.581 SEVERE [main] org.apache.catalina.core.StandardService.initInternal Failed to initialize connector [Connector[HTTP/1.1-8090]]
 org.apache.catalina.LifecycleException: Failed to initialize component [Connector[HTTP/1.1-8090]]
	at org.apache.catalina.util.LifecycleBase.init(LifecycleBase.java:106)
	at org.apache.catalina.core.StandardService.initInternal(StandardService.java:568)
	at org.apache.catalina.util.LifecycleBase.init(LifecycleBase.java:102)
	at org.apache.catalina.core.StandardServer.initInternal(StandardServer.java:851)
	at org.apache.catalina.util.LifecycleBase.init(LifecycleBase.java:102)
	at org.apache.catalina.startup.Catalina.load(Catalina.java:580)
	at org.apache.catalina.startup.Catalina.load(Catalina.java:603)
	at sun.reflect.NativeMethodAccessorImpl.invoke0(Native Method)
	at sun.reflect.NativeMethodAccessorImpl.invoke(NativeMethodAccessorImpl.java:62)
	at sun.reflect.DelegatingMethodAccessorImpl.invoke(DelegatingMethodAccessorImpl.java:43)
	at java.lang.reflect.Method.invoke(Method.java:498)
	at org.apache.catalina.startup.Bootstrap.load(Bootstrap.java:310)
	at org.apache.catalina.startup.Bootstrap.main(Bootstrap.java:484)
Caused by: org.apache.catalina.LifecycleException: Protocol handler initialization failed
	at org.apache.catalina.connector.Connector.initInternal(Connector.java:962)
	at org.apache.catalina.util.LifecycleBase.init(LifecycleBase.java:102)
	... 12 more
Caused by: java.lang.Exception: Socket bind failed: [730013] ???????????????¨ª????¡Á??????¡¤??????¡Á?
	at org.apache.tomcat.util.net.AprEndpoint.bind(AprEndpoint.java:471)
	at org.apache.tomcat.util.net.AbstractEndpoint.init(AbstractEndpoint.java:742)
	at org.apache.coyote.AbstractProtocol.init(AbstractProtocol.java:458)
	at org.apache.catalina.connector.Connector.initInternal(Connector.java:960)
	... 13 more

09-Aug-2017 14:51:18.588 INFO [main] org.apache.coyote.AbstractProtocol.init Initializing ProtocolHandler ["ajp-apr-8009"]
09-Aug-2017 14:51:18.591 SEVERE [main] org.apache.coyote.AbstractProtocol.init Failed to initialize end point associated with ProtocolHandler ["ajp-apr-8009"]
 java.lang.Exception: Socket bind failed: [730013] ???????????????¨ª????¡Á??????¡¤??????¡Á?
	at org.apache.tomcat.util.net.AprEndpoint.bind(AprEndpoint.java:471)
	at org.apache.tomcat.util.net.AbstractEndpoint.init(AbstractEndpoint.java:742)
	at org.apache.coyote.AbstractProtocol.init(AbstractProtocol.java:458)
	at org.apache.catalina.connector.Connector.initInternal(Connector.java:960)
	at org.apache.catalina.util.LifecycleBase.init(LifecycleBase.java:102)
	at org.apache.catalina.core.StandardService.initInternal(StandardService.java:568)
	at org.apache.catalina.util.LifecycleBase.init(LifecycleBase.java:102)
	at org.apache.catalina.core.StandardServer.initInternal(StandardServer.java:851)
	at org.apache.catalina.util.LifecycleBase.init(LifecycleBase.java:102)
	at org.apache.catalina.startup.Catalina.load(Catalina.java:580)
	at org.apache.catalina.startup.Catalina.load(Catalina.java:603)
	at sun.reflect.NativeMethodAccessorImpl.invoke0(Native Method)
	at sun.reflect.NativeMethodAccessorImpl.invoke(NativeMethodAccessorImpl.java:62)
	at sun.reflect.DelegatingMethodAccessorImpl.invoke(DelegatingMethodAccessorImpl.java:43)
	at java.lang.reflect.Method.invoke(Method.java:498)
	at org.apache.catalina.startup.Bootstrap.load(Bootstrap.java:310)
	at org.apache.catalina.startup.Bootstrap.main(Bootstrap.java:484)

09-Aug-2017 14:51:18.595 SEVERE [main] org.apache.catalina.core.StandardService.initInternal Failed to initialize connector [Connector[AJP/1.3-8009]]
 org.apache.catalina.LifecycleException: Failed to initialize component [Connector[AJP/1.3-8009]]
	at org.apache.catalina.util.LifecycleBase.init(LifecycleBase.java:106)
	at org.apache.catalina.core.StandardService.initInternal(StandardService.java:568)
	at org.apache.catalina.util.LifecycleBase.init(LifecycleBase.java:102)
	at org.apache.catalina.core.StandardServer.initInternal(StandardServer.java:851)
	at org.apache.catalina.util.LifecycleBase.init(LifecycleBase.java:102)
	at org.apache.catalina.startup.Catalina.load(Catalina.java:580)
	at org.apache.catalina.startup.Catalina.load(Catalina.java:603)
	at sun.reflect.NativeMethodAccessorImpl.invoke0(Native Method)
	at sun.reflect.NativeMethodAccessorImpl.invoke(NativeMethodAccessorImpl.java:62)
	at sun.reflect.DelegatingMethodAccessorImpl.invoke(DelegatingMethodAccessorImpl.java:43)
	at java.lang.reflect.Method.invoke(Method.java:498)
	at org.apache.catalina.startup.Bootstrap.load(Bootstrap.java:310)
	at org.apache.catalina.startup.Bootstrap.main(Bootstrap.java:484)
Caused by: org.apache.catalina.LifecycleException: Protocol handler initialization failed
	at org.apache.catalina.connector.Connector.initInternal(Connector.java:962)
	at org.apache.catalina.util.LifecycleBase.init(LifecycleBase.java:102)
	... 12 more
Caused by: java.lang.Exception: Socket bind failed: [730013] ???????????????¨ª????¡Á??????¡¤??????¡Á?
	at org.apache.tomcat.util.net.AprEndpoint.bind(AprEndpoint.java:471)
	at org.apache.tomcat.util.net.AbstractEndpoint.init(AbstractEndpoint.java:742)
	at org.apache.coyote.AbstractProtocol.init(AbstractProtocol.java:458)
	at org.apache.catalina.connector.Connector.initInternal(Connector.java:960)
	... 13 more

09-Aug-2017 14:51:18.600 INFO [main] org.apache.catalina.startup.Catalina.load Initialization processed in 1762 ms
09-Aug-2017 14:51:18.652 INFO [main] org.apache.catalina.core.StandardService.startInternal Starting service Catalina
09-Aug-2017 14:51:18.653 INFO [main] org.apache.catalina.core.StandardEngine.startInternal Starting Servlet Engine: Apache Tomcat/8.0.32
09-Aug-2017 14:51:18.694 INFO [localhost-startStop-1] org.apache.catalina.startup.HostConfig.deployDirectory Deploying web application directory F:\tomcat\apache-tomcat-8.0.32\webapps\docs
09-Aug-2017 14:51:19.494 INFO [localhost-startStop-1] org.apache.catalina.util.SessionIdGeneratorBase.createSecureRandom Creation of SecureRandom instance for session ID generation using [SHA1PRNG] took [144] milliseconds.
09-Aug-2017 14:51:19.512 INFO [localhost-startStop-1] org.apache.catalina.startup.HostConfig.deployDirectory Deployment of web application directory F:\tomcat\apache-tomcat-8.0.32\webapps\docs has finished in 818 ms
09-Aug-2017 14:51:19.513 INFO [localhost-startStop-1] org.apache.catalina.startup.HostConfig.deployDirectory Deploying web application directory F:\tomcat\apache-tomcat-8.0.32\webapps\examples
09-Aug-2017 14:51:20.431 INFO [localhost-startStop-1] org.apache.catalina.startup.HostConfig.deployDirectory Deployment of web application directory F:\tomcat\apache-tomcat-8.0.32\webapps\examples has finished in 918 ms
09-Aug-2017 14:51:20.432 INFO [localhost-startStop-1] org.apache.catalina.startup.HostConfig.deployDirectory Deploying web application directory F:\tomcat\apache-tomcat-8.0.32\webapps\host-manager
09-Aug-2017 14:51:20.633 INFO [localhost-startStop-1] org.apache.catalina.startup.HostConfig.deployDirectory Deployment of web application directory F:\tomcat\apache-tomcat-8.0.32\webapps\host-manager has finished in 201 ms
09-Aug-2017 14:51:20.634 INFO [localhost-startStop-1] org.apache.catalina.startup.HostConfig.deployDirectory Deploying web application directory F:\tomcat\apache-tomcat-8.0.32\webapps\manager
09-Aug-2017 14:51:20.817 INFO [localhost-startStop-1] org.apache.catalina.startup.HostConfig.deployDirectory Deployment of web application directory F:\tomcat\apache-tomcat-8.0.32\webapps\manager has finished in 182 ms
09-Aug-2017 14:51:20.817 INFO [localhost-startStop-1] org.apache.catalina.startup.HostConfig.deployDirectory Deploying web application directory F:\tomcat\apache-tomcat-8.0.32\webapps\ROOT
09-Aug-2017 14:51:20.969 INFO [localhost-startStop-1] org.apache.catalina.startup.HostConfig.deployDirectory Deployment of web application directory F:\tomcat\apache-tomcat-8.0.32\webapps\ROOT has finished in 152 ms
09-Aug-2017 14:51:20.975 INFO [main] org.apache.catalina.startup.Catalina.start Server startup in 2373 ms
09-Aug-2017 14:51:20.984 SEVERE [main] org.apache.catalina.core.StandardServer.await StandardServer.await: create[localhost:8005]: 
 java.net.BindException: Address already in use: JVM_Bind
	at java.net.DualStackPlainSocketImpl.bind0(Native Method)
	at java.net.DualStackPlainSocketImpl.socketBind(DualStackPlainSocketImpl.java:106)
	at java.net.AbstractPlainSocketImpl.bind(AbstractPlainSocketImpl.java:387)
	at java.net.PlainSocketImpl.bind(PlainSocketImpl.java:190)
	at java.net.ServerSocket.bind(ServerSocket.java:375)
	at java.net.ServerSocket.<init>(ServerSocket.java:237)
	at org.apache.catalina.core.StandardServer.await(StandardServer.java:420)
	at org.apache.catalina.startup.Catalina.await(Catalina.java:717)
	at org.apache.catalina.startup.Catalina.start(Catalina.java:663)
	at sun.reflect.NativeMethodAccessorImpl.invoke0(Native Method)
	at sun.reflect.NativeMethodAccessorImpl.invoke(NativeMethodAccessorImpl.java:62)
	at sun.reflect.DelegatingMethodAccessorImpl.invoke(DelegatingMethodAccessorImpl.java:43)
	at java.lang.reflect.Method.invoke(Method.java:498)
	at org.apache.catalina.startup.Bootstrap.start(Bootstrap.java:351)
	at org.apache.catalina.startup.Bootstrap.main(Bootstrap.java:485)

09-Aug-2017 14:51:20.986 INFO [main] org.apache.coyote.AbstractProtocol.pause Pausing ProtocolHandler ["http-apr-8090"]
09-Aug-2017 14:51:20.986 INFO [main] org.apache.coyote.AbstractProtocol.pause Pausing ProtocolHandler ["ajp-apr-8009"]
09-Aug-2017 14:51:20.986 INFO [main] org.apache.catalina.core.StandardService.stopInternal Stopping service Catalina
09-Aug-2017 14:51:21.049 INFO [main] org.apache.coyote.AbstractProtocol.stop Stopping ProtocolHandler ["http-apr-8090"]
09-Aug-2017 14:51:21.050 INFO [main] org.apache.coyote.AbstractProtocol.destroy Destroying ProtocolHandler ["http-apr-8090"]
09-Aug-2017 14:51:21.053 INFO [main] org.apache.coyote.AbstractProtocol.stop Stopping ProtocolHandler ["ajp-apr-8009"]
09-Aug-2017 14:51:21.054 INFO [main] org.apache.coyote.AbstractProtocol.destroy Destroying ProtocolHandler ["ajp-apr-8009"]
09-Aug-2017 14:52:29.318 INFO [main] org.apache.catalina.startup.VersionLoggerListener.log Server version:        Apache Tomcat/8.0.32
09-Aug-2017 14:52:29.320 INFO [main] org.apache.catalina.startup.VersionLoggerListener.log Server built:          Feb 2 2016 19:34:53 UTC
09-Aug-2017 14:52:29.320 INFO [main] org.apache.catalina.startup.VersionLoggerListener.log Server number:         8.0.32.0
09-Aug-2017 14:52:29.320 INFO [main] org.apache.catalina.startup.VersionLoggerListener.log OS Name:               Windows 7
09-Aug-2017 14:52:29.320 INFO [main] org.apache.catalina.startup.VersionLoggerListener.log OS Version:            6.1
09-Aug-2017 14:52:29.321 INFO [main] org.apache.catalina.startup.VersionLoggerListener.log Architecture:          amd64
09-Aug-2017 14:52:29.321 INFO [main] org.apache.catalina.startup.VersionLoggerListener.log Java Home:             C:\Program Files\Java\jdk1.8.0_77\jre
09-Aug-2017 14:52:29.321 INFO [main] org.apache.catalina.startup.VersionLoggerListener.log JVM Version:           1.8.0_77-b03
09-Aug-2017 14:52:29.321 INFO [main] org.apache.catalina.startup.VersionLoggerListener.log JVM Vendor:            Oracle Corporation
09-Aug-2017 14:52:29.322 INFO [main] org.apache.catalina.startup.VersionLoggerListener.log CATALINA_BASE:         F:\tomcat\apache-tomcat-8.0.32
09-Aug-2017 14:52:29.322 INFO [main] org.apache.catalina.startup.VersionLoggerListener.log CATALINA_HOME:         F:\tomcat\apache-tomcat-8.0.32
09-Aug-2017 14:52:29.323 INFO [main] org.apache.catalina.startup.VersionLoggerListener.log Command line argument: -Djava.util.logging.config.file=F:\tomcat\apache-tomcat-8.0.32\conf\logging.properties
09-Aug-2017 14:52:29.323 INFO [main] org.apache.catalina.startup.VersionLoggerListener.log Command line argument: -Djava.util.logging.manager=org.apache.juli.ClassLoaderLogManager
09-Aug-2017 14:52:29.324 INFO [main] org.apache.catalina.startup.VersionLoggerListener.log Command line argument: -Djava.endorsed.dirs=F:\tomcat\apache-tomcat-8.0.32\endorsed
09-Aug-2017 14:52:29.324 INFO [main] org.apache.catalina.startup.VersionLoggerListener.log Command line argument: -Dcatalina.base=F:\tomcat\apache-tomcat-8.0.32
09-Aug-2017 14:52:29.326 INFO [main] org.apache.catalina.startup.VersionLoggerListener.log Command line argument: -Dcatalina.home=F:\tomcat\apache-tomcat-8.0.32
09-Aug-2017 14:52:29.327 INFO [main] org.apache.catalina.startup.VersionLoggerListener.log Command line argument: -Djava.io.tmpdir=F:\tomcat\apache-tomcat-8.0.32\temp
09-Aug-2017 14:52:29.328 INFO [main] org.apache.catalina.core.AprLifecycleListener.lifecycleEvent Loaded APR based Apache Tomcat Native library 1.2.4 using APR version 1.5.1.
09-Aug-2017 14:52:29.329 INFO [main] org.apache.catalina.core.AprLifecycleListener.lifecycleEvent APR capabilities: IPv6 [true], sendfile [true], accept filters [false], random [true].
09-Aug-2017 14:52:29.995 INFO [main] org.apache.catalina.core.AprLifecycleListener.initializeSSL OpenSSL successfully initialized (OpenSSL 1.0.2e 3 Dec 2015)
09-Aug-2017 14:52:30.138 INFO [main] org.apache.coyote.AbstractProtocol.init Initializing ProtocolHandler ["http-apr-8090"]
09-Aug-2017 14:52:30.153 SEVERE [main] org.apache.coyote.AbstractProtocol.init Failed to initialize end point associated with ProtocolHandler ["http-apr-8090"]
 java.lang.Exception: Socket bind failed: [730013] ???????????????¨ª????¡Á??????¡¤??????¡Á?
	at org.apache.tomcat.util.net.AprEndpoint.bind(AprEndpoint.java:471)
	at org.apache.tomcat.util.net.AbstractEndpoint.init(AbstractEndpoint.java:742)
	at org.apache.coyote.AbstractProtocol.init(AbstractProtocol.java:458)
	at org.apache.catalina.connector.Connector.initInternal(Connector.java:960)
	at org.apache.catalina.util.LifecycleBase.init(LifecycleBase.java:102)
	at org.apache.catalina.core.StandardService.initInternal(StandardService.java:568)
	at org.apache.catalina.util.LifecycleBase.init(LifecycleBase.java:102)
	at org.apache.catalina.core.StandardServer.initInternal(StandardServer.java:851)
	at org.apache.catalina.util.LifecycleBase.init(LifecycleBase.java:102)
	at org.apache.catalina.startup.Catalina.load(Catalina.java:580)
	at org.apache.catalina.startup.Catalina.load(Catalina.java:603)
	at sun.reflect.NativeMethodAccessorImpl.invoke0(Native Method)
	at sun.reflect.NativeMethodAccessorImpl.invoke(NativeMethodAccessorImpl.java:62)
	at sun.reflect.DelegatingMethodAccessorImpl.invoke(DelegatingMethodAccessorImpl.java:43)
	at java.lang.reflect.Method.invoke(Method.java:498)
	at org.apache.catalina.startup.Bootstrap.load(Bootstrap.java:310)
	at org.apache.catalina.startup.Bootstrap.main(Bootstrap.java:484)

09-Aug-2017 14:52:30.161 SEVERE [main] org.apache.catalina.core.StandardService.initInternal Failed to initialize connector [Connector[HTTP/1.1-8090]]
 org.apache.catalina.LifecycleException: Failed to initialize component [Connector[HTTP/1.1-8090]]
	at org.apache.catalina.util.LifecycleBase.init(LifecycleBase.java:106)
	at org.apache.catalina.core.StandardService.initInternal(StandardService.java:568)
	at org.apache.catalina.util.LifecycleBase.init(LifecycleBase.java:102)
	at org.apache.catalina.core.StandardServer.initInternal(StandardServer.java:851)
	at org.apache.catalina.util.LifecycleBase.init(LifecycleBase.java:102)
	at org.apache.catalina.startup.Catalina.load(Catalina.java:580)
	at org.apache.catalina.startup.Catalina.load(Catalina.java:603)
	at sun.reflect.NativeMethodAccessorImpl.invoke0(Native Method)
	at sun.reflect.NativeMethodAccessorImpl.invoke(NativeMethodAccessorImpl.java:62)
	at sun.reflect.DelegatingMethodAccessorImpl.invoke(DelegatingMethodAccessorImpl.java:43)
	at java.lang.reflect.Method.invoke(Method.java:498)
	at org.apache.catalina.startup.Bootstrap.load(Bootstrap.java:310)
	at org.apache.catalina.startup.Bootstrap.main(Bootstrap.java:484)
Caused by: org.apache.catalina.LifecycleException: Protocol handler initialization failed
	at org.apache.catalina.connector.Connector.initInternal(Connector.java:962)
	at org.apache.catalina.util.LifecycleBase.init(LifecycleBase.java:102)
	... 12 more
Caused by: java.lang.Exception: Socket bind failed: [730013] ???????????????¨ª????¡Á??????¡¤??????¡Á?
	at org.apache.tomcat.util.net.AprEndpoint.bind(AprEndpoint.java:471)
	at org.apache.tomcat.util.net.AbstractEndpoint.init(AbstractEndpoint.java:742)
	at org.apache.coyote.AbstractProtocol.init(AbstractProtocol.java:458)
	at org.apache.catalina.connector.Connector.initInternal(Connector.java:960)
	... 13 more

09-Aug-2017 14:52:30.167 INFO [main] org.apache.coyote.AbstractProtocol.init Initializing ProtocolHandler ["ajp-apr-8009"]
09-Aug-2017 14:52:30.170 SEVERE [main] org.apache.coyote.AbstractProtocol.init Failed to initialize end point associated with ProtocolHandler ["ajp-apr-8009"]
 java.lang.Exception: Socket bind failed: [730013] ???????????????¨ª????¡Á??????¡¤??????¡Á?
	at org.apache.tomcat.util.net.AprEndpoint.bind(AprEndpoint.java:471)
	at org.apache.tomcat.util.net.AbstractEndpoint.init(AbstractEndpoint.java:742)
	at org.apache.coyote.AbstractProtocol.init(AbstractProtocol.java:458)
	at org.apache.catalina.connector.Connector.initInternal(Connector.java:960)
	at org.apache.catalina.util.LifecycleBase.init(LifecycleBase.java:102)
	at org.apache.catalina.core.StandardService.initInternal(StandardService.java:568)
	at org.apache.catalina.util.LifecycleBase.init(LifecycleBase.java:102)
	at org.apache.catalina.core.StandardServer.initInternal(StandardServer.java:851)
	at org.apache.catalina.util.LifecycleBase.init(LifecycleBase.java:102)
	at org.apache.catalina.startup.Catalina.load(Catalina.java:580)
	at org.apache.catalina.startup.Catalina.load(Catalina.java:603)
	at sun.reflect.NativeMethodAccessorImpl.invoke0(Native Method)
	at sun.reflect.NativeMethodAccessorImpl.invoke(NativeMethodAccessorImpl.java:62)
	at sun.reflect.DelegatingMethodAccessorImpl.invoke(DelegatingMethodAccessorImpl.java:43)
	at java.lang.reflect.Method.invoke(Method.java:498)
	at org.apache.catalina.startup.Bootstrap.load(Bootstrap.java:310)
	at org.apache.catalina.startup.Bootstrap.main(Bootstrap.java:484)

09-Aug-2017 14:52:30.173 SEVERE [main] org.apache.catalina.core.StandardService.initInternal Failed to initialize connector [Connector[AJP/1.3-8009]]
 org.apache.catalina.LifecycleException: Failed to initialize component [Connector[AJP/1.3-8009]]
	at org.apache.catalina.util.LifecycleBase.init(LifecycleBase.java:106)
	at org.apache.catalina.core.StandardService.initInternal(StandardService.java:568)
	at org.apache.catalina.util.LifecycleBase.init(LifecycleBase.java:102)
	at org.apache.catalina.core.StandardServer.initInternal(StandardServer.java:851)
	at org.apache.catalina.util.LifecycleBase.init(LifecycleBase.java:102)
	at org.apache.catalina.startup.Catalina.load(Catalina.java:580)
	at org.apache.catalina.startup.Catalina.load(Catalina.java:603)
	at sun.reflect.NativeMethodAccessorImpl.invoke0(Native Method)
	at sun.reflect.NativeMethodAccessorImpl.invoke(NativeMethodAccessorImpl.java:62)
	at sun.reflect.DelegatingMethodAccessorImpl.invoke(DelegatingMethodAccessorImpl.java:43)
	at java.lang.reflect.Method.invoke(Method.java:498)
	at org.apache.catalina.startup.Bootstrap.load(Bootstrap.java:310)
	at org.apache.catalina.startup.Bootstrap.main(Bootstrap.java:484)
Caused by: org.apache.catalina.LifecycleException: Protocol handler initialization failed
	at org.apache.catalina.connector.Connector.initInternal(Connector.java:962)
	at org.apache.catalina.util.LifecycleBase.init(LifecycleBase.java:102)
	... 12 more
Caused by: java.lang.Exception: Socket bind failed: [730013] ???????????????¨ª????¡Á??????¡¤??????¡Á?
	at org.apache.tomcat.util.net.AprEndpoint.bind(AprEndpoint.java:471)
	at org.apache.tomcat.util.net.AbstractEndpoint.init(AbstractEndpoint.java:742)
	at org.apache.coyote.AbstractProtocol.init(AbstractProtocol.java:458)
	at org.apache.catalina.connector.Connector.initInternal(Connector.java:960)
	... 13 more

09-Aug-2017 14:52:30.178 INFO [main] org.apache.catalina.startup.Catalina.load Initialization processed in 1305 ms
09-Aug-2017 14:52:30.244 INFO [main] org.apache.catalina.core.StandardService.startInternal Starting service Catalina
09-Aug-2017 14:52:30.244 INFO [main] org.apache.catalina.core.StandardEngine.startInternal Starting Servlet Engine: Apache Tomcat/8.0.32
09-Aug-2017 14:52:30.257 INFO [localhost-startStop-1] org.apache.catalina.startup.HostConfig.deployDirectory Deploying web application directory F:\tomcat\apache-tomcat-8.0.32\webapps\docs
09-Aug-2017 14:52:31.051 INFO [localhost-startStop-1] org.apache.catalina.util.SessionIdGeneratorBase.createSecureRandom Creation of SecureRandom instance for session ID generation using [SHA1PRNG] took [143] milliseconds.
09-Aug-2017 14:52:31.074 INFO [localhost-startStop-1] org.apache.catalina.startup.HostConfig.deployDirectory Deployment of web application directory F:\tomcat\apache-tomcat-8.0.32\webapps\docs has finished in 817 ms
09-Aug-2017 14:52:31.075 INFO [localhost-startStop-1] org.apache.catalina.startup.HostConfig.deployDirectory Deploying web application directory F:\tomcat\apache-tomcat-8.0.32\webapps\examples
09-Aug-2017 14:52:31.774 INFO [localhost-startStop-1] org.apache.catalina.startup.HostConfig.deployDirectory Deployment of web application directory F:\tomcat\apache-tomcat-8.0.32\webapps\examples has finished in 699 ms
09-Aug-2017 14:52:31.774 INFO [localhost-startStop-1] org.apache.catalina.startup.HostConfig.deployDirectory Deploying web application directory F:\tomcat\apache-tomcat-8.0.32\webapps\host-manager
09-Aug-2017 14:52:31.970 INFO [localhost-startStop-1] org.apache.catalina.startup.HostConfig.deployDirectory Deployment of web application directory F:\tomcat\apache-tomcat-8.0.32\webapps\host-manager has finished in 196 ms
09-Aug-2017 14:52:31.971 INFO [localhost-startStop-1] org.apache.catalina.startup.HostConfig.deployDirectory Deploying web application directory F:\tomcat\apache-tomcat-8.0.32\webapps\manager
09-Aug-2017 14:52:32.154 INFO [localhost-startStop-1] org.apache.catalina.startup.HostConfig.deployDirectory Deployment of web application directory F:\tomcat\apache-tomcat-8.0.32\webapps\manager has finished in 183 ms
09-Aug-2017 14:52:32.155 INFO [localhost-startStop-1] org.apache.catalina.startup.HostConfig.deployDirectory Deploying web application directory F:\tomcat\apache-tomcat-8.0.32\webapps\ROOT
09-Aug-2017 14:52:32.305 INFO [localhost-startStop-1] org.apache.catalina.startup.HostConfig.deployDirectory Deployment of web application directory F:\tomcat\apache-tomcat-8.0.32\webapps\ROOT has finished in 151 ms
09-Aug-2017 14:52:32.309 INFO [main] org.apache.catalina.startup.Catalina.start Server startup in 2129 ms
09-Aug-2017 14:52:32.319 SEVERE [main] org.apache.catalina.core.StandardServer.await StandardServer.await: create[localhost:8005]: 
 java.net.BindException: Address already in use: JVM_Bind
	at java.net.DualStackPlainSocketImpl.bind0(Native Method)
	at java.net.DualStackPlainSocketImpl.socketBind(DualStackPlainSocketImpl.java:106)
	at java.net.AbstractPlainSocketImpl.bind(AbstractPlainSocketImpl.java:387)
	at java.net.PlainSocketImpl.bind(PlainSocketImpl.java:190)
	at java.net.ServerSocket.bind(ServerSocket.java:375)
	at java.net.ServerSocket.<init>(ServerSocket.java:237)
	at org.apache.catalina.core.StandardServer.await(StandardServer.java:420)
	at org.apache.catalina.startup.Catalina.await(Catalina.java:717)
	at org.apache.catalina.startup.Catalina.start(Catalina.java:663)
	at sun.reflect.NativeMethodAccessorImpl.invoke0(Native Method)
	at sun.reflect.NativeMethodAccessorImpl.invoke(NativeMethodAccessorImpl.java:62)
	at sun.reflect.DelegatingMethodAccessorImpl.invoke(DelegatingMethodAccessorImpl.java:43)
	at java.lang.reflect.Method.invoke(Method.java:498)
	at org.apache.catalina.startup.Bootstrap.start(Bootstrap.java:351)
	at org.apache.catalina.startup.Bootstrap.main(Bootstrap.java:485)

09-Aug-2017 14:52:32.322 INFO [main] org.apache.coyote.AbstractProtocol.pause Pausing ProtocolHandler ["http-apr-8090"]
09-Aug-2017 14:52:32.323 INFO [main] org.apache.coyote.AbstractProtocol.pause Pausing ProtocolHandler ["ajp-apr-8009"]
09-Aug-2017 14:52:32.325 INFO [main] org.apache.catalina.core.StandardService.stopInternal Stopping service Catalina
09-Aug-2017 14:52:32.357 INFO [main] org.apache.coyote.AbstractProtocol.stop Stopping ProtocolHandler ["http-apr-8090"]
09-Aug-2017 14:52:32.358 INFO [main] org.apache.coyote.AbstractProtocol.destroy Destroying ProtocolHandler ["http-apr-8090"]
09-Aug-2017 14:52:32.359 INFO [main] org.apache.coyote.AbstractProtocol.stop Stopping ProtocolHandler ["ajp-apr-8009"]
09-Aug-2017 14:52:32.359 INFO [main] org.apache.coyote.AbstractProtocol.destroy Destroying ProtocolHandler ["ajp-apr-8009"]
09-Aug-2017 14:52:47.866 SEVERE [main] org.apache.catalina.startup.Catalina.stopServer Could not contact localhost:8005. Tomcat may not be running.
09-Aug-2017 14:52:47.873 SEVERE [main] org.apache.catalina.startup.Catalina.stopServer Catalina.stop: 
 java.net.ConnectException: Connection refused: connect
	at java.net.DualStackPlainSocketImpl.connect0(Native Method)
	at java.net.DualStackPlainSocketImpl.socketConnect(DualStackPlainSocketImpl.java:79)
	at java.net.AbstractPlainSocketImpl.doConnect(AbstractPlainSocketImpl.java:350)
	at java.net.AbstractPlainSocketImpl.connectToAddress(AbstractPlainSocketImpl.java:206)
	at java.net.AbstractPlainSocketImpl.connect(AbstractPlainSocketImpl.java:188)
	at java.net.PlainSocketImpl.connect(PlainSocketImpl.java:172)
	at java.net.SocksSocketImpl.connect(SocksSocketImpl.java:392)
	at java.net.Socket.connect(Socket.java:589)
	at java.net.Socket.connect(Socket.java:538)
	at java.net.Socket.<init>(Socket.java:434)
	at java.net.Socket.<init>(Socket.java:211)
	at org.apache.catalina.startup.Catalina.stopServer(Catalina.java:450)
	at sun.reflect.NativeMethodAccessorImpl.invoke0(Native Method)
	at sun.reflect.NativeMethodAccessorImpl.invoke(NativeMethodAccessorImpl.java:62)
	at sun.reflect.DelegatingMethodAccessorImpl.invoke(DelegatingMethodAccessorImpl.java:43)
	at java.lang.reflect.Method.invoke(Method.java:498)
	at org.apache.catalina.startup.Bootstrap.stopServer(Bootstrap.java:400)
	at org.apache.catalina.startup.Bootstrap.main(Bootstrap.java:487)

09-Aug-2017 14:52:51.100 INFO [main] org.apache.catalina.startup.VersionLoggerListener.log Server version:        Apache Tomcat/8.0.32
09-Aug-2017 14:52:51.101 INFO [main] org.apache.catalina.startup.VersionLoggerListener.log Server built:          Feb 2 2016 19:34:53 UTC
09-Aug-2017 14:52:51.101 INFO [main] org.apache.catalina.startup.VersionLoggerListener.log Server number:         8.0.32.0
09-Aug-2017 14:52:51.102 INFO [main] org.apache.catalina.startup.VersionLoggerListener.log OS Name:               Windows 7
09-Aug-2017 14:52:51.102 INFO [main] org.apache.catalina.startup.VersionLoggerListener.log OS Version:            6.1
09-Aug-2017 14:52:51.102 INFO [main] org.apache.catalina.startup.VersionLoggerListener.log Architecture:          amd64
09-Aug-2017 14:52:51.102 INFO [main] org.apache.catalina.startup.VersionLoggerListener.log Java Home:             C:\Program Files\Java\jdk1.8.0_77\jre
09-Aug-2017 14:52:51.102 INFO [main] org.apache.catalina.startup.VersionLoggerListener.log JVM Version:           1.8.0_77-b03
09-Aug-2017 14:52:51.103 INFO [main] org.apache.catalina.startup.VersionLoggerListener.log JVM Vendor:            Oracle Corporation
09-Aug-2017 14:52:51.103 INFO [main] org.apache.catalina.startup.VersionLoggerListener.log CATALINA_BASE:         F:\tomcat\apache-tomcat-8.0.32
09-Aug-2017 14:52:51.103 INFO [main] org.apache.catalina.startup.VersionLoggerListener.log CATALINA_HOME:         F:\tomcat\apache-tomcat-8.0.32
09-Aug-2017 14:52:51.104 INFO [main] org.apache.catalina.startup.VersionLoggerListener.log Command line argument: -Djava.util.logging.config.file=F:\tomcat\apache-tomcat-8.0.32\conf\logging.properties
09-Aug-2017 14:52:51.104 INFO [main] org.apache.catalina.startup.VersionLoggerListener.log Command line argument: -Djava.util.logging.manager=org.apache.juli.ClassLoaderLogManager
09-Aug-2017 14:52:51.105 INFO [main] org.apache.catalina.startup.VersionLoggerListener.log Command line argument: -Djava.endorsed.dirs=F:\tomcat\apache-tomcat-8.0.32\endorsed
09-Aug-2017 14:52:51.105 INFO [main] org.apache.catalina.startup.VersionLoggerListener.log Command line argument: -Dcatalina.base=F:\tomcat\apache-tomcat-8.0.32
09-Aug-2017 14:52:51.107 INFO [main] org.apache.catalina.startup.VersionLoggerListener.log Command line argument: -Dcatalina.home=F:\tomcat\apache-tomcat-8.0.32
09-Aug-2017 14:52:51.108 INFO [main] org.apache.catalina.startup.VersionLoggerListener.log Command line argument: -Djava.io.tmpdir=F:\tomcat\apache-tomcat-8.0.32\temp
09-Aug-2017 14:52:51.110 INFO [main] org.apache.catalina.core.AprLifecycleListener.lifecycleEvent Loaded APR based Apache Tomcat Native library 1.2.4 using APR version 1.5.1.
09-Aug-2017 14:52:51.110 INFO [main] org.apache.catalina.core.AprLifecycleListener.lifecycleEvent APR capabilities: IPv6 [true], sendfile [true], accept filters [false], random [true].
09-Aug-2017 14:52:51.770 INFO [main] org.apache.catalina.core.AprLifecycleListener.initializeSSL OpenSSL successfully initialized (OpenSSL 1.0.2e 3 Dec 2015)
09-Aug-2017 14:52:51.908 INFO [main] org.apache.coyote.AbstractProtocol.init Initializing ProtocolHandler ["http-apr-8090"]
09-Aug-2017 14:52:51.917 INFO [main] org.apache.coyote.AbstractProtocol.init Initializing ProtocolHandler ["ajp-apr-8009"]
09-Aug-2017 14:52:51.919 INFO [main] org.apache.catalina.startup.Catalina.load Initialization processed in 1242 ms
09-Aug-2017 14:52:51.953 INFO [main] org.apache.catalina.core.StandardService.startInternal Starting service Catalina
09-Aug-2017 14:52:51.954 INFO [main] org.apache.catalina.core.StandardEngine.startInternal Starting Servlet Engine: Apache Tomcat/8.0.32
09-Aug-2017 14:52:51.965 INFO [localhost-startStop-1] org.apache.catalina.startup.HostConfig.deployDirectory Deploying web application directory F:\tomcat\apache-tomcat-8.0.32\webapps\docs
09-Aug-2017 14:52:52.732 INFO [localhost-startStop-1] org.apache.catalina.util.SessionIdGeneratorBase.createSecureRandom Creation of SecureRandom instance for session ID generation using [SHA1PRNG] took [116] milliseconds.
09-Aug-2017 14:52:52.750 INFO [localhost-startStop-1] org.apache.catalina.startup.HostConfig.deployDirectory Deployment of web application directory F:\tomcat\apache-tomcat-8.0.32\webapps\docs has finished in 785 ms
09-Aug-2017 14:52:52.752 INFO [localhost-startStop-1] org.apache.catalina.startup.HostConfig.deployDirectory Deploying web application directory F:\tomcat\apache-tomcat-8.0.32\webapps\examples
09-Aug-2017 14:52:53.219 INFO [localhost-startStop-1] org.apache.catalina.startup.HostConfig.deployDirectory Deployment of web application directory F:\tomcat\apache-tomcat-8.0.32\webapps\examples has finished in 468 ms
09-Aug-2017 14:52:53.220 INFO [localhost-startStop-1] org.apache.catalina.startup.HostConfig.deployDirectory Deploying web application directory F:\tomcat\apache-tomcat-8.0.32\webapps\host-manager
09-Aug-2017 14:52:53.408 INFO [localhost-startStop-1] org.apache.catalina.startup.HostConfig.deployDirectory Deployment of web application directory F:\tomcat\apache-tomcat-8.0.32\webapps\host-manager has finished in 188 ms
09-Aug-2017 14:52:53.409 INFO [localhost-startStop-1] org.apache.catalina.startup.HostConfig.deployDirectory Deploying web application directory F:\tomcat\apache-tomcat-8.0.32\webapps\manager
09-Aug-2017 14:52:53.593 INFO [localhost-startStop-1] org.apache.catalina.startup.HostConfig.deployDirectory Deployment of web application directory F:\tomcat\apache-tomcat-8.0.32\webapps\manager has finished in 184 ms
09-Aug-2017 14:52:53.594 INFO [localhost-startStop-1] org.apache.catalina.startup.HostConfig.deployDirectory Deploying web application directory F:\tomcat\apache-tomcat-8.0.32\webapps\ROOT
09-Aug-2017 14:52:53.771 INFO [localhost-startStop-1] org.apache.catalina.startup.HostConfig.deployDirectory Deployment of web application directory F:\tomcat\apache-tomcat-8.0.32\webapps\ROOT has finished in 177 ms
09-Aug-2017 14:52:53.776 INFO [main] org.apache.coyote.AbstractProtocol.start Starting ProtocolHandler ["http-apr-8090"]
09-Aug-2017 14:52:54.116 INFO [main] org.apache.coyote.AbstractProtocol.start Starting ProtocolHandler ["ajp-apr-8009"]
09-Aug-2017 14:52:54.123 INFO [main] org.apache.catalina.startup.Catalina.start Server startup in 2203 ms
09-Aug-2017 14:53:11.064 SEVERE [main] org.apache.catalina.startup.Catalina.stopServer Could not contact localhost:8005. Tomcat may not be running.
09-Aug-2017 14:53:11.071 SEVERE [main] org.apache.catalina.startup.Catalina.stopServer Catalina.stop: 
 java.net.ConnectException: Connection refused: connect
	at java.net.DualStackPlainSocketImpl.connect0(Native Method)
	at java.net.DualStackPlainSocketImpl.socketConnect(DualStackPlainSocketImpl.java:79)
	at java.net.AbstractPlainSocketImpl.doConnect(AbstractPlainSocketImpl.java:350)
	at java.net.AbstractPlainSocketImpl.connectToAddress(AbstractPlainSocketImpl.java:206)
	at java.net.AbstractPlainSocketImpl.connect(AbstractPlainSocketImpl.java:188)
	at java.net.PlainSocketImpl.connect(PlainSocketImpl.java:172)
	at java.net.SocksSocketImpl.connect(SocksSocketImpl.java:392)
	at java.net.Socket.connect(Socket.java:589)
	at java.net.Socket.connect(Socket.java:538)
	at java.net.Socket.<init>(Socket.java:434)
	at java.net.Socket.<init>(Socket.java:211)
	at org.apache.catalina.startup.Catalina.stopServer(Catalina.java:450)
	at sun.reflect.NativeMethodAccessorImpl.invoke0(Native Method)
	at sun.reflect.NativeMethodAccessorImpl.invoke(NativeMethodAccessorImpl.java:62)
	at sun.reflect.DelegatingMethodAccessorImpl.invoke(DelegatingMethodAccessorImpl.java:43)
	at java.lang.reflect.Method.invoke(Method.java:498)
	at org.apache.catalina.startup.Bootstrap.stopServer(Bootstrap.java:400)
	at org.apache.catalina.startup.Bootstrap.main(Bootstrap.java:487)

09-Aug-2017 15:00:35.312 INFO [main] org.apache.catalina.startup.VersionLoggerListener.log Server version:        Apache Tomcat/8.0.32
09-Aug-2017 15:00:35.313 INFO [main] org.apache.catalina.startup.VersionLoggerListener.log Server built:          Feb 2 2016 19:34:53 UTC
09-Aug-2017 15:00:35.313 INFO [main] org.apache.catalina.startup.VersionLoggerListener.log Server number:         8.0.32.0
09-Aug-2017 15:00:35.313 INFO [main] org.apache.catalina.startup.VersionLoggerListener.log OS Name:               Windows 7
09-Aug-2017 15:00:35.314 INFO [main] org.apache.catalina.startup.VersionLoggerListener.log OS Version:            6.1
09-Aug-2017 15:00:35.314 INFO [main] org.apache.catalina.startup.VersionLoggerListener.log Architecture:          amd64
09-Aug-2017 15:00:35.314 INFO [main] org.apache.catalina.startup.VersionLoggerListener.log Java Home:             C:\Program Files\Java\jdk1.8.0_77\jre
09-Aug-2017 15:00:35.314 INFO [main] org.apache.catalina.startup.VersionLoggerListener.log JVM Version:           1.8.0_77-b03
09-Aug-2017 15:00:35.314 INFO [main] org.apache.catalina.startup.VersionLoggerListener.log JVM Vendor:            Oracle Corporation
09-Aug-2017 15:00:35.314 INFO [main] org.apache.catalina.startup.VersionLoggerListener.log CATALINA_BASE:         F:\tomcat\apache-tomcat-8.0.32
09-Aug-2017 15:00:35.314 INFO [main] org.apache.catalina.startup.VersionLoggerListener.log CATALINA_HOME:         F:\tomcat\apache-tomcat-8.0.32
09-Aug-2017 15:00:35.315 INFO [main] org.apache.catalina.startup.VersionLoggerListener.log Command line argument: -Djava.util.logging.config.file=F:\tomcat\apache-tomcat-8.0.32\conf\logging.properties
09-Aug-2017 15:00:35.315 INFO [main] org.apache.catalina.startup.VersionLoggerListener.log Command line argument: -Djava.util.logging.manager=org.apache.juli.ClassLoaderLogManager
09-Aug-2017 15:00:35.316 INFO [main] org.apache.catalina.startup.VersionLoggerListener.log Command line argument: -Djava.endorsed.dirs=F:\tomcat\apache-tomcat-8.0.32\endorsed
09-Aug-2017 15:00:35.316 INFO [main] org.apache.catalina.startup.VersionLoggerListener.log Command line argument: -Dcatalina.base=F:\tomcat\apache-tomcat-8.0.32
09-Aug-2017 15:00:35.317 INFO [main] org.apache.catalina.startup.VersionLoggerListener.log Command line argument: -Dcatalina.home=F:\tomcat\apache-tomcat-8.0.32
09-Aug-2017 15:00:35.318 INFO [main] org.apache.catalina.startup.VersionLoggerListener.log Command line argument: -Djava.io.tmpdir=F:\tomcat\apache-tomcat-8.0.32\temp
09-Aug-2017 15:00:35.319 INFO [main] org.apache.catalina.core.AprLifecycleListener.lifecycleEvent Loaded APR based Apache Tomcat Native library 1.2.4 using APR version 1.5.1.
09-Aug-2017 15:00:35.320 INFO [main] org.apache.catalina.core.AprLifecycleListener.lifecycleEvent APR capabilities: IPv6 [true], sendfile [true], accept filters [false], random [true].
09-Aug-2017 15:00:35.983 INFO [main] org.apache.catalina.core.AprLifecycleListener.initializeSSL OpenSSL successfully initialized (OpenSSL 1.0.2e 3 Dec 2015)
09-Aug-2017 15:00:36.123 INFO [main] org.apache.coyote.AbstractProtocol.init Initializing ProtocolHandler ["http-apr-8090"]
09-Aug-2017 15:00:36.132 INFO [main] org.apache.coyote.AbstractProtocol.init Initializing ProtocolHandler ["ajp-apr-8009"]
09-Aug-2017 15:00:36.135 INFO [main] org.apache.catalina.startup.Catalina.load Initialization processed in 1242 ms
09-Aug-2017 15:00:36.192 INFO [main] org.apache.catalina.core.StandardService.startInternal Starting service Catalina
09-Aug-2017 15:00:36.193 INFO [main] org.apache.catalina.core.StandardEngine.startInternal Starting Servlet Engine: Apache Tomcat/8.0.32
09-Aug-2017 15:00:36.206 INFO [localhost-startStop-1] org.apache.catalina.startup.HostConfig.deployDirectory Deploying web application directory F:\tomcat\apache-tomcat-8.0.32\webapps\docs
09-Aug-2017 15:00:36.983 INFO [localhost-startStop-1] org.apache.catalina.util.SessionIdGeneratorBase.createSecureRandom Creation of SecureRandom instance for session ID generation using [SHA1PRNG] took [120] milliseconds.
09-Aug-2017 15:00:37.000 INFO [localhost-startStop-1] org.apache.catalina.startup.HostConfig.deployDirectory Deployment of web application directory F:\tomcat\apache-tomcat-8.0.32\webapps\docs has finished in 794 ms
09-Aug-2017 15:00:37.003 INFO [localhost-startStop-1] org.apache.catalina.startup.HostConfig.deployDirectory Deploying web application directory F:\tomcat\apache-tomcat-8.0.32\webapps\examples
09-Aug-2017 15:00:37.472 INFO [localhost-startStop-1] org.apache.catalina.startup.HostConfig.deployDirectory Deployment of web application directory F:\tomcat\apache-tomcat-8.0.32\webapps\examples has finished in 469 ms
09-Aug-2017 15:00:37.473 INFO [localhost-startStop-1] org.apache.catalina.startup.HostConfig.deployDirectory Deploying web application directory F:\tomcat\apache-tomcat-8.0.32\webapps\host-manager
09-Aug-2017 15:00:37.683 INFO [localhost-startStop-1] org.apache.catalina.startup.HostConfig.deployDirectory Deployment of web application directory F:\tomcat\apache-tomcat-8.0.32\webapps\host-manager has finished in 209 ms
09-Aug-2017 15:00:37.683 INFO [localhost-startStop-1] org.apache.catalina.startup.HostConfig.deployDirectory Deploying web application directory F:\tomcat\apache-tomcat-8.0.32\webapps\manager
09-Aug-2017 15:00:37.863 INFO [localhost-startStop-1] org.apache.catalina.startup.HostConfig.deployDirectory Deployment of web application directory F:\tomcat\apache-tomcat-8.0.32\webapps\manager has finished in 180 ms
09-Aug-2017 15:00:37.864 INFO [localhost-startStop-1] org.apache.catalina.startup.HostConfig.deployDirectory Deploying web application directory F:\tomcat\apache-tomcat-8.0.32\webapps\ROOT
09-Aug-2017 15:00:38.029 INFO [localhost-startStop-1] org.apache.catalina.startup.HostConfig.deployDirectory Deployment of web application directory F:\tomcat\apache-tomcat-8.0.32\webapps\ROOT has finished in 165 ms
09-Aug-2017 15:00:38.035 INFO [main] org.apache.coyote.AbstractProtocol.start Starting ProtocolHandler ["http-apr-8090"]
09-Aug-2017 15:00:38.049 INFO [main] org.apache.coyote.AbstractProtocol.start Starting ProtocolHandler ["ajp-apr-8009"]
09-Aug-2017 15:00:38.052 INFO [main] org.apache.catalina.startup.Catalina.start Server startup in 1916 ms
09-Aug-2017 15:00:42.052 INFO [Thread-3] org.apache.coyote.AbstractProtocol.pause Pausing ProtocolHandler ["http-apr-8090"]
09-Aug-2017 15:00:42.110 INFO [Thread-3] org.apache.coyote.AbstractProtocol.pause Pausing ProtocolHandler ["ajp-apr-8009"]
09-Aug-2017 15:00:42.161 INFO [Thread-3] org.apache.catalina.core.StandardService.stopInternal Stopping service Catalina
09-Aug-2017 15:00:42.209 INFO [Thread-3] org.apache.coyote.AbstractProtocol.stop Stopping ProtocolHandler ["http-apr-8090"]
09-Aug-2017 15:00:42.261 INFO [Thread-3] org.apache.coyote.AbstractProtocol.stop Stopping ProtocolHandler ["ajp-apr-8009"]
09-Aug-2017 15:00:42.363 INFO [Thread-3] org.apache.coyote.AbstractProtocol.destroy Destroying ProtocolHandler ["http-apr-8090"]
09-Aug-2017 15:00:42.365 INFO [Thread-3] org.apache.coyote.AbstractProtocol.destroy Destroying ProtocolHandler ["ajp-apr-8009"]
09-Aug-2017 15:00:57.447 INFO [main] org.apache.catalina.startup.VersionLoggerListener.log Server version:        Apache Tomcat/8.0.32
09-Aug-2017 15:00:57.449 INFO [main] org.apache.catalina.startup.VersionLoggerListener.log Server built:          Feb 2 2016 19:34:53 UTC
09-Aug-2017 15:00:57.449 INFO [main] org.apache.catalina.startup.VersionLoggerListener.log Server number:         8.0.32.0
09-Aug-2017 15:00:57.449 INFO [main] org.apache.catalina.startup.VersionLoggerListener.log OS Name:               Windows 7
09-Aug-2017 15:00:57.450 INFO [main] org.apache.catalina.startup.VersionLoggerListener.log OS Version:            6.1
09-Aug-2017 15:00:57.450 INFO [main] org.apache.catalina.startup.VersionLoggerListener.log Architecture:          amd64
09-Aug-2017 15:00:57.450 INFO [main] org.apache.catalina.startup.VersionLoggerListener.log Java Home:             C:\Program Files\Java\jdk1.8.0_77\jre
09-Aug-2017 15:00:57.450 INFO [main] org.apache.catalina.startup.VersionLoggerListener.log JVM Version:           1.8.0_77-b03
09-Aug-2017 15:00:57.450 INFO [main] org.apache.catalina.startup.VersionLoggerListener.log JVM Vendor:            Oracle Corporation
09-Aug-2017 15:00:57.451 INFO [main] org.apache.catalina.startup.VersionLoggerListener.log CATALINA_BASE:         F:\tomcat\apache-tomcat-8.0.32
09-Aug-2017 15:00:57.451 INFO [main] org.apache.catalina.startup.VersionLoggerListener.log CATALINA_HOME:         F:\tomcat\apache-tomcat-8.0.32
09-Aug-2017 15:00:57.451 INFO [main] org.apache.catalina.startup.VersionLoggerListener.log Command line argument: -Djava.util.logging.config.file=F:\tomcat\apache-tomcat-8.0.32\conf\logging.properties
09-Aug-2017 15:00:57.452 INFO [main] org.apache.catalina.startup.VersionLoggerListener.log Command line argument: -Djava.util.logging.manager=org.apache.juli.ClassLoaderLogManager
09-Aug-2017 15:00:57.452 INFO [main] org.apache.catalina.startup.VersionLoggerListener.log Command line argument: -Djava.endorsed.dirs=F:\tomcat\apache-tomcat-8.0.32\endorsed
09-Aug-2017 15:00:57.453 INFO [main] org.apache.catalina.startup.VersionLoggerListener.log Command line argument: -Dcatalina.base=F:\tomcat\apache-tomcat-8.0.32
09-Aug-2017 15:00:57.454 INFO [main] org.apache.catalina.startup.VersionLoggerListener.log Command line argument: -Dcatalina.home=F:\tomcat\apache-tomcat-8.0.32
09-Aug-2017 15:00:57.455 INFO [main] org.apache.catalina.startup.VersionLoggerListener.log Command line argument: -Djava.io.tmpdir=F:\tomcat\apache-tomcat-8.0.32\temp
09-Aug-2017 15:00:57.456 INFO [main] org.apache.catalina.core.AprLifecycleListener.lifecycleEvent Loaded APR based Apache Tomcat Native library 1.2.4 using APR version 1.5.1.
09-Aug-2017 15:00:57.456 INFO [main] org.apache.catalina.core.AprLifecycleListener.lifecycleEvent APR capabilities: IPv6 [true], sendfile [true], accept filters [false], random [true].
09-Aug-2017 15:00:58.127 INFO [main] org.apache.catalina.core.AprLifecycleListener.initializeSSL OpenSSL successfully initialized (OpenSSL 1.0.2e 3 Dec 2015)
09-Aug-2017 15:00:58.266 INFO [main] org.apache.coyote.AbstractProtocol.init Initializing ProtocolHandler ["http-apr-8090"]
09-Aug-2017 15:00:58.279 INFO [main] org.apache.coyote.AbstractProtocol.init Initializing ProtocolHandler ["ajp-apr-8009"]
09-Aug-2017 15:00:58.282 INFO [main] org.apache.catalina.startup.Catalina.load Initialization processed in 1276 ms
09-Aug-2017 15:00:58.317 INFO [main] org.apache.catalina.core.StandardService.startInternal Starting service Catalina
09-Aug-2017 15:00:58.317 INFO [main] org.apache.catalina.core.StandardEngine.startInternal Starting Servlet Engine: Apache Tomcat/8.0.32
09-Aug-2017 15:00:58.332 INFO [localhost-startStop-1] org.apache.catalina.startup.HostConfig.deployDirectory Deploying web application directory F:\tomcat\apache-tomcat-8.0.32\webapps\docs
09-Aug-2017 15:00:59.080 INFO [localhost-startStop-1] org.apache.catalina.util.SessionIdGeneratorBase.createSecureRandom Creation of SecureRandom instance for session ID generation using [SHA1PRNG] took [120] milliseconds.
09-Aug-2017 15:00:59.099 INFO [localhost-startStop-1] org.apache.catalina.startup.HostConfig.deployDirectory Deployment of web application directory F:\tomcat\apache-tomcat-8.0.32\webapps\docs has finished in 768 ms
09-Aug-2017 15:00:59.099 INFO [localhost-startStop-1] org.apache.catalina.startup.HostConfig.deployDirectory Deploying web application directory F:\tomcat\apache-tomcat-8.0.32\webapps\examples
09-Aug-2017 15:00:59.575 INFO [localhost-startStop-1] org.apache.catalina.startup.HostConfig.deployDirectory Deployment of web application directory F:\tomcat\apache-tomcat-8.0.32\webapps\examples has finished in 476 ms
09-Aug-2017 15:00:59.576 INFO [localhost-startStop-1] org.apache.catalina.startup.HostConfig.deployDirectory Deploying web application directory F:\tomcat\apache-tomcat-8.0.32\webapps\host-manager
09-Aug-2017 15:00:59.828 INFO [localhost-startStop-1] org.apache.catalina.startup.HostConfig.deployDirectory Deployment of web application directory F:\tomcat\apache-tomcat-8.0.32\webapps\host-manager has finished in 252 ms
09-Aug-2017 15:00:59.828 INFO [localhost-startStop-1] org.apache.catalina.startup.HostConfig.deployDirectory Deploying web application directory F:\tomcat\apache-tomcat-8.0.32\webapps\manager
09-Aug-2017 15:01:00.066 INFO [localhost-startStop-1] org.apache.catalina.startup.HostConfig.deployDirectory Deployment of web application directory F:\tomcat\apache-tomcat-8.0.32\webapps\manager has finished in 237 ms
09-Aug-2017 15:01:00.066 INFO [localhost-startStop-1] org.apache.catalina.startup.HostConfig.deployDirectory Deploying web application directory F:\tomcat\apache-tomcat-8.0.32\webapps\ROOT
09-Aug-2017 15:01:00.245 INFO [localhost-startStop-1] org.apache.catalina.startup.HostConfig.deployDirectory Deployment of web application directory F:\tomcat\apache-tomcat-8.0.32\webapps\ROOT has finished in 179 ms
09-Aug-2017 15:01:00.249 INFO [main] org.apache.coyote.AbstractProtocol.start Starting ProtocolHandler ["http-apr-8090"]
09-Aug-2017 15:01:00.263 INFO [main] org.apache.coyote.AbstractProtocol.start Starting ProtocolHandler ["ajp-apr-8009"]
09-Aug-2017 15:01:00.267 INFO [main] org.apache.catalina.startup.Catalina.start Server startup in 1984 ms
09-Aug-2017 15:02:38.084 INFO [main] org.apache.catalina.core.StandardServer.await A valid shutdown command was received via the shutdown port. Stopping the Server instance.
09-Aug-2017 15:02:38.085 INFO [main] org.apache.coyote.AbstractProtocol.pause Pausing ProtocolHandler ["http-apr-8090"]
09-Aug-2017 15:02:38.140 INFO [main] org.apache.coyote.AbstractProtocol.pause Pausing ProtocolHandler ["ajp-apr-8009"]
09-Aug-2017 15:02:38.191 INFO [main] org.apache.catalina.core.StandardService.stopInternal Stopping service Catalina
09-Aug-2017 15:02:38.237 INFO [main] org.apache.coyote.AbstractProtocol.stop Stopping ProtocolHandler ["http-apr-8090"]
09-Aug-2017 15:02:38.289 INFO [main] org.apache.coyote.AbstractProtocol.stop Stopping ProtocolHandler ["ajp-apr-8009"]
09-Aug-2017 15:02:38.340 INFO [main] org.apache.coyote.AbstractProtocol.destroy Destroying ProtocolHandler ["http-apr-8090"]
09-Aug-2017 15:02:38.341 INFO [main] org.apache.coyote.AbstractProtocol.destroy Destroying ProtocolHandler ["ajp-apr-8009"]
09-Aug-2017 16:22:25.481 INFO [main] org.apache.catalina.startup.VersionLoggerListener.log Server version:        Apache Tomcat/8.0.32
09-Aug-2017 16:22:25.482 INFO [main] org.apache.catalina.startup.VersionLoggerListener.log Server built:          Feb 2 2016 19:34:53 UTC
09-Aug-2017 16:22:25.482 INFO [main] org.apache.catalina.startup.VersionLoggerListener.log Server number:         8.0.32.0
09-Aug-2017 16:22:25.483 INFO [main] org.apache.catalina.startup.VersionLoggerListener.log OS Name:               Windows 7
09-Aug-2017 16:22:25.483 INFO [main] org.apache.catalina.startup.VersionLoggerListener.log OS Version:            6.1
09-Aug-2017 16:22:25.483 INFO [main] org.apache.catalina.startup.VersionLoggerListener.log Architecture:          amd64
09-Aug-2017 16:22:25.484 INFO [main] org.apache.catalina.startup.VersionLoggerListener.log Java Home:             C:\Program Files\Java\jdk1.8.0_77\jre
09-Aug-2017 16:22:25.484 INFO [main] org.apache.catalina.startup.VersionLoggerListener.log JVM Version:           1.8.0_77-b03
09-Aug-2017 16:22:25.484 INFO [main] org.apache.catalina.startup.VersionLoggerListener.log JVM Vendor:            Oracle Corporation
09-Aug-2017 16:22:25.484 INFO [main] org.apache.catalina.startup.VersionLoggerListener.log CATALINA_BASE:         F:\tomcat\apache-tomcat-8.0.32
09-Aug-2017 16:22:25.485 INFO [main] org.apache.catalina.startup.VersionLoggerListener.log CATALINA_HOME:         F:\tomcat\apache-tomcat-8.0.32
09-Aug-2017 16:22:25.485 INFO [main] org.apache.catalina.startup.VersionLoggerListener.log Command line argument: -Djava.util.logging.config.file=F:\tomcat\apache-tomcat-8.0.32\conf\logging.properties
09-Aug-2017 16:22:25.486 INFO [main] org.apache.catalina.startup.VersionLoggerListener.log Command line argument: -Djava.util.logging.manager=org.apache.juli.ClassLoaderLogManager
09-Aug-2017 16:22:25.486 INFO [main] org.apache.catalina.startup.VersionLoggerListener.log Command line argument: -Djava.endorsed.dirs=F:\tomcat\apache-tomcat-8.0.32\endorsed
09-Aug-2017 16:22:25.488 INFO [main] org.apache.catalina.startup.VersionLoggerListener.log Command line argument: -Dcatalina.base=F:\tomcat\apache-tomcat-8.0.32
09-Aug-2017 16:22:25.488 INFO [main] org.apache.catalina.startup.VersionLoggerListener.log Command line argument: -Dcatalina.home=F:\tomcat\apache-tomcat-8.0.32
09-Aug-2017 16:22:25.489 INFO [main] org.apache.catalina.startup.VersionLoggerListener.log Command line argument: -Djava.io.tmpdir=F:\tomcat\apache-tomcat-8.0.32\temp
09-Aug-2017 16:22:25.491 INFO [main] org.apache.catalina.core.AprLifecycleListener.lifecycleEvent Loaded APR based Apache Tomcat Native library 1.2.4 using APR version 1.5.1.
09-Aug-2017 16:22:25.491 INFO [main] org.apache.catalina.core.AprLifecycleListener.lifecycleEvent APR capabilities: IPv6 [true], sendfile [true], accept filters [false], random [true].
09-Aug-2017 16:22:26.380 INFO [main] org.apache.catalina.core.AprLifecycleListener.initializeSSL OpenSSL successfully initialized (OpenSSL 1.0.2e 3 Dec 2015)
09-Aug-2017 16:22:27.504 INFO [main] org.apache.coyote.AbstractProtocol.init Initializing ProtocolHandler ["http-apr-8090"]
09-Aug-2017 16:22:27.535 INFO [main] org.apache.coyote.AbstractProtocol.init Initializing ProtocolHandler ["ajp-apr-8009"]
09-Aug-2017 16:22:27.539 INFO [main] org.apache.catalina.startup.Catalina.load Initialization processed in 3964 ms
09-Aug-2017 16:22:27.645 INFO [main] org.apache.catalina.core.StandardService.startInternal Starting service Catalina
09-Aug-2017 16:22:27.659 INFO [main] org.apache.catalina.core.StandardEngine.startInternal Starting Servlet Engine: Apache Tomcat/8.0.32
09-Aug-2017 16:22:27.719 INFO [localhost-startStop-1] org.apache.catalina.startup.HostConfig.deployDirectory Deploying web application directory F:\tomcat\apache-tomcat-8.0.32\webapps\docs
09-Aug-2017 16:22:29.516 INFO [localhost-startStop-1] org.apache.catalina.util.SessionIdGeneratorBase.createSecureRandom Creation of SecureRandom instance for session ID generation using [SHA1PRNG] took [219] milliseconds.
09-Aug-2017 16:22:29.598 INFO [localhost-startStop-1] org.apache.catalina.startup.HostConfig.deployDirectory Deployment of web application directory F:\tomcat\apache-tomcat-8.0.32\webapps\docs has finished in 1,878 ms
09-Aug-2017 16:22:29.600 INFO [localhost-startStop-1] org.apache.catalina.startup.HostConfig.deployDirectory Deploying web application directory F:\tomcat\apache-tomcat-8.0.32\webapps\examples
09-Aug-2017 16:22:30.588 INFO [localhost-startStop-1] org.apache.catalina.startup.HostConfig.deployDirectory Deployment of web application directory F:\tomcat\apache-tomcat-8.0.32\webapps\examples has finished in 988 ms
09-Aug-2017 16:22:30.589 INFO [localhost-startStop-1] org.apache.catalina.startup.HostConfig.deployDirectory Deploying web application directory F:\tomcat\apache-tomcat-8.0.32\webapps\host-manager
09-Aug-2017 16:22:30.868 INFO [localhost-startStop-1] org.apache.catalina.startup.HostConfig.deployDirectory Deployment of web application directory F:\tomcat\apache-tomcat-8.0.32\webapps\host-manager has finished in 279 ms
09-Aug-2017 16:22:30.869 INFO [localhost-startStop-1] org.apache.catalina.startup.HostConfig.deployDirectory Deploying web application directory F:\tomcat\apache-tomcat-8.0.32\webapps\manager
09-Aug-2017 16:22:31.101 INFO [localhost-startStop-1] org.apache.catalina.startup.HostConfig.deployDirectory Deployment of web application directory F:\tomcat\apache-tomcat-8.0.32\webapps\manager has finished in 232 ms
09-Aug-2017 16:22:31.102 INFO [localhost-startStop-1] org.apache.catalina.startup.HostConfig.deployDirectory Deploying web application directory F:\tomcat\apache-tomcat-8.0.32\webapps\ROOT
09-Aug-2017 16:22:31.328 INFO [localhost-startStop-1] org.apache.catalina.startup.HostConfig.deployDirectory Deployment of web application directory F:\tomcat\apache-tomcat-8.0.32\webapps\ROOT has finished in 226 ms
09-Aug-2017 16:22:31.334 INFO [main] org.apache.coyote.AbstractProtocol.start Starting ProtocolHandler ["http-apr-8090"]
09-Aug-2017 16:22:31.351 INFO [main] org.apache.coyote.AbstractProtocol.start Starting ProtocolHandler ["ajp-apr-8009"]
09-Aug-2017 16:22:31.354 INFO [main] org.apache.catalina.startup.Catalina.start Server startup in 3814 ms
09-Aug-2017 16:23:38.074 INFO [main] org.apache.catalina.startup.VersionLoggerListener.log Server version:        Apache Tomcat/8.0.32
09-Aug-2017 16:23:38.075 INFO [main] org.apache.catalina.startup.VersionLoggerListener.log Server built:          Feb 2 2016 19:34:53 UTC
09-Aug-2017 16:23:38.075 INFO [main] org.apache.catalina.startup.VersionLoggerListener.log Server number:         8.0.32.0
09-Aug-2017 16:23:38.076 INFO [main] org.apache.catalina.startup.VersionLoggerListener.log OS Name:               Windows 7
09-Aug-2017 16:23:38.076 INFO [main] org.apache.catalina.startup.VersionLoggerListener.log OS Version:            6.1
09-Aug-2017 16:23:38.076 INFO [main] org.apache.catalina.startup.VersionLoggerListener.log Architecture:          amd64
09-Aug-2017 16:23:38.076 INFO [main] org.apache.catalina.startup.VersionLoggerListener.log Java Home:             C:\Program Files\Java\jdk1.8.0_77\jre
09-Aug-2017 16:23:38.076 INFO [main] org.apache.catalina.startup.VersionLoggerListener.log JVM Version:           1.8.0_77-b03
09-Aug-2017 16:23:38.077 INFO [main] org.apache.catalina.startup.VersionLoggerListener.log JVM Vendor:            Oracle Corporation
09-Aug-2017 16:23:38.077 INFO [main] org.apache.catalina.startup.VersionLoggerListener.log CATALINA_BASE:         F:\tomcat\apache-tomcat-8.0.32
09-Aug-2017 16:23:38.077 INFO [main] org.apache.catalina.startup.VersionLoggerListener.log CATALINA_HOME:         F:\tomcat\apache-tomcat-8.0.32
09-Aug-2017 16:23:38.078 INFO [main] org.apache.catalina.startup.VersionLoggerListener.log Command line argument: -Djava.util.logging.config.file=F:\tomcat\apache-tomcat-8.0.32\conf\logging.properties
09-Aug-2017 16:23:38.078 INFO [main] org.apache.catalina.startup.VersionLoggerListener.log Command line argument: -Djava.util.logging.manager=org.apache.juli.ClassLoaderLogManager
09-Aug-2017 16:23:38.079 INFO [main] org.apache.catalina.startup.VersionLoggerListener.log Command line argument: -Djava.endorsed.dirs=F:\tomcat\apache-tomcat-8.0.32\endorsed
09-Aug-2017 16:23:38.080 INFO [main] org.apache.catalina.startup.VersionLoggerListener.log Command line argument: -Dcatalina.base=F:\tomcat\apache-tomcat-8.0.32
09-Aug-2017 16:23:38.081 INFO [main] org.apache.catalina.startup.VersionLoggerListener.log Command line argument: -Dcatalina.home=F:\tomcat\apache-tomcat-8.0.32
09-Aug-2017 16:23:38.082 INFO [main] org.apache.catalina.startup.VersionLoggerListener.log Command line argument: -Djava.io.tmpdir=F:\tomcat\apache-tomcat-8.0.32\temp
09-Aug-2017 16:23:38.083 INFO [main] org.apache.catalina.core.AprLifecycleListener.lifecycleEvent Loaded APR based Apache Tomcat Native library 1.2.4 using APR version 1.5.1.
09-Aug-2017 16:23:38.085 INFO [main] org.apache.catalina.core.AprLifecycleListener.lifecycleEvent APR capabilities: IPv6 [true], sendfile [true], accept filters [false], random [true].
09-Aug-2017 16:23:38.767 INFO [main] org.apache.catalina.core.AprLifecycleListener.initializeSSL OpenSSL successfully initialized (OpenSSL 1.0.2e 3 Dec 2015)
09-Aug-2017 16:23:38.902 INFO [main] org.apache.coyote.AbstractProtocol.init Initializing ProtocolHandler ["http-apr-8090"]
09-Aug-2017 16:23:38.919 SEVERE [main] org.apache.coyote.AbstractProtocol.init Failed to initialize end point associated with ProtocolHandler ["http-apr-8090"]
 java.lang.Exception: Socket bind failed: [730048] ?????????¡Á???(§¿?¨¦/???????/???)????¨ª??
	at org.apache.tomcat.util.net.AprEndpoint.bind(AprEndpoint.java:471)
	at org.apache.tomcat.util.net.AbstractEndpoint.init(AbstractEndpoint.java:742)
	at org.apache.coyote.AbstractProtocol.init(AbstractProtocol.java:458)
	at org.apache.catalina.connector.Connector.initInternal(Connector.java:960)
	at org.apache.catalina.util.LifecycleBase.init(LifecycleBase.java:102)
	at org.apache.catalina.core.StandardService.initInternal(StandardService.java:568)
	at org.apache.catalina.util.LifecycleBase.init(LifecycleBase.java:102)
	at org.apache.catalina.core.StandardServer.initInternal(StandardServer.java:851)
	at org.apache.catalina.util.LifecycleBase.init(LifecycleBase.java:102)
	at org.apache.catalina.startup.Catalina.load(Catalina.java:580)
	at org.apache.catalina.startup.Catalina.load(Catalina.java:603)
	at sun.reflect.NativeMethodAccessorImpl.invoke0(Native Method)
	at sun.reflect.NativeMethodAccessorImpl.invoke(NativeMethodAccessorImpl.java:62)
	at sun.reflect.DelegatingMethodAccessorImpl.invoke(DelegatingMethodAccessorImpl.java:43)
	at java.lang.reflect.Method.invoke(Method.java:498)
	at org.apache.catalina.startup.Bootstrap.load(Bootstrap.java:310)
	at org.apache.catalina.startup.Bootstrap.main(Bootstrap.java:484)

09-Aug-2017 16:23:38.961 SEVERE [main] org.apache.catalina.core.StandardService.initInternal Failed to initialize connector [Connector[HTTP/1.1-8090]]
 org.apache.catalina.LifecycleException: Failed to initialize component [Connector[HTTP/1.1-8090]]
	at org.apache.catalina.util.LifecycleBase.init(LifecycleBase.java:106)
	at org.apache.catalina.core.StandardService.initInternal(StandardService.java:568)
	at org.apache.catalina.util.LifecycleBase.init(LifecycleBase.java:102)
	at org.apache.catalina.core.StandardServer.initInternal(StandardServer.java:851)
	at org.apache.catalina.util.LifecycleBase.init(LifecycleBase.java:102)
	at org.apache.catalina.startup.Catalina.load(Catalina.java:580)
	at org.apache.catalina.startup.Catalina.load(Catalina.java:603)
	at sun.reflect.NativeMethodAccessorImpl.invoke0(Native Method)
	at sun.reflect.NativeMethodAccessorImpl.invoke(NativeMethodAccessorImpl.java:62)
	at sun.reflect.DelegatingMethodAccessorImpl.invoke(DelegatingMethodAccessorImpl.java:43)
	at java.lang.reflect.Method.invoke(Method.java:498)
	at org.apache.catalina.startup.Bootstrap.load(Bootstrap.java:310)
	at org.apache.catalina.startup.Bootstrap.main(Bootstrap.java:484)
Caused by: org.apache.catalina.LifecycleException: Protocol handler initialization failed
	at org.apache.catalina.connector.Connector.initInternal(Connector.java:962)
	at org.apache.catalina.util.LifecycleBase.init(LifecycleBase.java:102)
	... 12 more
Caused by: java.lang.Exception: Socket bind failed: [730048] ?????????¡Á???(§¿?¨¦/???????/???)????¨ª??
	at org.apache.tomcat.util.net.AprEndpoint.bind(AprEndpoint.java:471)
	at org.apache.tomcat.util.net.AbstractEndpoint.init(AbstractEndpoint.java:742)
	at org.apache.coyote.AbstractProtocol.init(AbstractProtocol.java:458)
	at org.apache.catalina.connector.Connector.initInternal(Connector.java:960)
	... 13 more

09-Aug-2017 16:23:38.970 INFO [main] org.apache.coyote.AbstractProtocol.init Initializing ProtocolHandler ["ajp-apr-8009"]
09-Aug-2017 16:23:38.974 SEVERE [main] org.apache.coyote.AbstractProtocol.init Failed to initialize end point associated with ProtocolHandler ["ajp-apr-8009"]
 java.lang.Exception: Socket bind failed: [730048] ?????????¡Á???(§¿?¨¦/???????/???)????¨ª??
	at org.apache.tomcat.util.net.AprEndpoint.bind(AprEndpoint.java:471)
	at org.apache.tomcat.util.net.AbstractEndpoint.init(AbstractEndpoint.java:742)
	at org.apache.coyote.AbstractProtocol.init(AbstractProtocol.java:458)
	at org.apache.catalina.connector.Connector.initInternal(Connector.java:960)
	at org.apache.catalina.util.LifecycleBase.init(LifecycleBase.java:102)
	at org.apache.catalina.core.StandardService.initInternal(StandardService.java:568)
	at org.apache.catalina.util.LifecycleBase.init(LifecycleBase.java:102)
	at org.apache.catalina.core.StandardServer.initInternal(StandardServer.java:851)
	at org.apache.catalina.util.LifecycleBase.init(LifecycleBase.java:102)
	at org.apache.catalina.startup.Catalina.load(Catalina.java:580)
	at org.apache.catalina.startup.Catalina.load(Catalina.java:603)
	at sun.reflect.NativeMethodAccessorImpl.invoke0(Native Method)
	at sun.reflect.NativeMethodAccessorImpl.invoke(NativeMethodAccessorImpl.java:62)
	at sun.reflect.DelegatingMethodAccessorImpl.invoke(DelegatingMethodAccessorImpl.java:43)
	at java.lang.reflect.Method.invoke(Method.java:498)
	at org.apache.catalina.startup.Bootstrap.load(Bootstrap.java:310)
	at org.apache.catalina.startup.Bootstrap.main(Bootstrap.java:484)

09-Aug-2017 16:23:38.980 SEVERE [main] org.apache.catalina.core.StandardService.initInternal Failed to initialize connector [Connector[AJP/1.3-8009]]
 org.apache.catalina.LifecycleException: Failed to initialize component [Connector[AJP/1.3-8009]]
	at org.apache.catalina.util.LifecycleBase.init(LifecycleBase.java:106)
	at org.apache.catalina.core.StandardService.initInternal(StandardService.java:568)
	at org.apache.catalina.util.LifecycleBase.init(LifecycleBase.java:102)
	at org.apache.catalina.core.StandardServer.initInternal(StandardServer.java:851)
	at org.apache.catalina.util.LifecycleBase.init(LifecycleBase.java:102)
	at org.apache.catalina.startup.Catalina.load(Catalina.java:580)
	at org.apache.catalina.startup.Catalina.load(Catalina.java:603)
	at sun.reflect.NativeMethodAccessorImpl.invoke0(Native Method)
	at sun.reflect.NativeMethodAccessorImpl.invoke(NativeMethodAccessorImpl.java:62)
	at sun.reflect.DelegatingMethodAccessorImpl.invoke(DelegatingMethodAccessorImpl.java:43)
	at java.lang.reflect.Method.invoke(Method.java:498)
	at org.apache.catalina.startup.Bootstrap.load(Bootstrap.java:310)
	at org.apache.catalina.startup.Bootstrap.main(Bootstrap.java:484)
Caused by: org.apache.catalina.LifecycleException: Protocol handler initialization failed
	at org.apache.catalina.connector.Connector.initInternal(Connector.java:962)
	at org.apache.catalina.util.LifecycleBase.init(LifecycleBase.java:102)
	... 12 more
Caused by: java.lang.Exception: Socket bind failed: [730048] ?????????¡Á???(§¿?¨¦/???????/???)????¨ª??
	at org.apache.tomcat.util.net.AprEndpoint.bind(AprEndpoint.java:471)
	at org.apache.tomcat.util.net.AbstractEndpoint.init(AbstractEndpoint.java:742)
	at org.apache.coyote.AbstractProtocol.init(AbstractProtocol.java:458)
	at org.apache.catalina.connector.Connector.initInternal(Connector.java:960)
	... 13 more

09-Aug-2017 16:23:38.986 INFO [main] org.apache.catalina.startup.Catalina.load Initialization processed in 1395 ms
09-Aug-2017 16:23:39.024 INFO [main] org.apache.catalina.core.StandardService.startInternal Starting service Catalina
09-Aug-2017 16:23:39.025 INFO [main] org.apache.catalina.core.StandardEngine.startInternal Starting Servlet Engine: Apache Tomcat/8.0.32
09-Aug-2017 16:23:39.037 INFO [localhost-startStop-1] org.apache.catalina.startup.HostConfig.deployDirectory Deploying web application directory F:\tomcat\apache-tomcat-8.0.32\webapps\docs
09-Aug-2017 16:23:39.844 INFO [localhost-startStop-1] org.apache.catalina.util.SessionIdGeneratorBase.createSecureRandom Creation of SecureRandom instance for session ID generation using [SHA1PRNG] took [168] milliseconds.
09-Aug-2017 16:23:39.864 INFO [localhost-startStop-1] org.apache.catalina.startup.HostConfig.deployDirectory Deployment of web application directory F:\tomcat\apache-tomcat-8.0.32\webapps\docs has finished in 827 ms
09-Aug-2017 16:23:39.864 INFO [localhost-startStop-1] org.apache.catalina.startup.HostConfig.deployDirectory Deploying web application directory F:\tomcat\apache-tomcat-8.0.32\webapps\examples
09-Aug-2017 16:23:40.329 INFO [localhost-startStop-1] org.apache.catalina.startup.HostConfig.deployDirectory Deployment of web application directory F:\tomcat\apache-tomcat-8.0.32\webapps\examples has finished in 465 ms
09-Aug-2017 16:23:40.330 INFO [localhost-startStop-1] org.apache.catalina.startup.HostConfig.deployDirectory Deploying web application directory F:\tomcat\apache-tomcat-8.0.32\webapps\host-manager
09-Aug-2017 16:23:40.526 INFO [localhost-startStop-1] org.apache.catalina.startup.HostConfig.deployDirectory Deployment of web application directory F:\tomcat\apache-tomcat-8.0.32\webapps\host-manager has finished in 195 ms
09-Aug-2017 16:23:40.526 INFO [localhost-startStop-1] org.apache.catalina.startup.HostConfig.deployDirectory Deploying web application directory F:\tomcat\apache-tomcat-8.0.32\webapps\manager
09-Aug-2017 16:23:40.713 INFO [localhost-startStop-1] org.apache.catalina.startup.HostConfig.deployDirectory Deployment of web application directory F:\tomcat\apache-tomcat-8.0.32\webapps\manager has finished in 187 ms
09-Aug-2017 16:23:40.713 INFO [localhost-startStop-1] org.apache.catalina.startup.HostConfig.deployDirectory Deploying web application directory F:\tomcat\apache-tomcat-8.0.32\webapps\ROOT
09-Aug-2017 16:23:40.891 INFO [localhost-startStop-1] org.apache.catalina.startup.HostConfig.deployDirectory Deployment of web application directory F:\tomcat\apache-tomcat-8.0.32\webapps\ROOT has finished in 178 ms
09-Aug-2017 16:23:40.897 INFO [main] org.apache.catalina.startup.Catalina.start Server startup in 1910 ms
09-Aug-2017 16:23:40.905 SEVERE [main] org.apache.catalina.core.StandardServer.await StandardServer.await: create[localhost:8005]: 
 java.net.BindException: Address already in use: JVM_Bind
	at java.net.DualStackPlainSocketImpl.bind0(Native Method)
	at java.net.DualStackPlainSocketImpl.socketBind(DualStackPlainSocketImpl.java:106)
	at java.net.AbstractPlainSocketImpl.bind(AbstractPlainSocketImpl.java:387)
	at java.net.PlainSocketImpl.bind(PlainSocketImpl.java:190)
	at java.net.ServerSocket.bind(ServerSocket.java:375)
	at java.net.ServerSocket.<init>(ServerSocket.java:237)
	at org.apache.catalina.core.StandardServer.await(StandardServer.java:420)
	at org.apache.catalina.startup.Catalina.await(Catalina.java:717)
	at org.apache.catalina.startup.Catalina.start(Catalina.java:663)
	at sun.reflect.NativeMethodAccessorImpl.invoke0(Native Method)
	at sun.reflect.NativeMethodAccessorImpl.invoke(NativeMethodAccessorImpl.java:62)
	at sun.reflect.DelegatingMethodAccessorImpl.invoke(DelegatingMethodAccessorImpl.java:43)
	at java.lang.reflect.Method.invoke(Method.java:498)
	at org.apache.catalina.startup.Bootstrap.start(Bootstrap.java:351)
	at org.apache.catalina.startup.Bootstrap.main(Bootstrap.java:485)

09-Aug-2017 16:23:40.908 INFO [main] org.apache.coyote.AbstractProtocol.pause Pausing ProtocolHandler ["http-apr-8090"]
09-Aug-2017 16:23:40.909 INFO [main] org.apache.coyote.AbstractProtocol.pause Pausing ProtocolHandler ["ajp-apr-8009"]
09-Aug-2017 16:23:40.910 INFO [main] org.apache.catalina.core.StandardService.stopInternal Stopping service Catalina
09-Aug-2017 16:23:41.031 INFO [main] org.apache.coyote.AbstractProtocol.stop Stopping ProtocolHandler ["http-apr-8090"]
09-Aug-2017 16:23:41.032 INFO [main] org.apache.coyote.AbstractProtocol.destroy Destroying ProtocolHandler ["http-apr-8090"]
09-Aug-2017 16:23:41.033 INFO [main] org.apache.coyote.AbstractProtocol.stop Stopping ProtocolHandler ["ajp-apr-8009"]
09-Aug-2017 16:23:41.034 INFO [main] org.apache.coyote.AbstractProtocol.destroy Destroying ProtocolHandler ["ajp-apr-8009"]
09-Aug-2017 16:25:43.431 SEVERE [main] org.apache.catalina.startup.Catalina.stopServer Could not contact localhost:8005. Tomcat may not be running.
09-Aug-2017 16:25:43.438 SEVERE [main] org.apache.catalina.startup.Catalina.stopServer Catalina.stop: 
 java.net.ConnectException: Connection refused: connect
	at java.net.DualStackPlainSocketImpl.connect0(Native Method)
	at java.net.DualStackPlainSocketImpl.socketConnect(DualStackPlainSocketImpl.java:79)
	at java.net.AbstractPlainSocketImpl.doConnect(AbstractPlainSocketImpl.java:350)
	at java.net.AbstractPlainSocketImpl.connectToAddress(AbstractPlainSocketImpl.java:206)
	at java.net.AbstractPlainSocketImpl.connect(AbstractPlainSocketImpl.java:188)
	at java.net.PlainSocketImpl.connect(PlainSocketImpl.java:172)
	at java.net.SocksSocketImpl.connect(SocksSocketImpl.java:392)
	at java.net.Socket.connect(Socket.java:589)
	at java.net.Socket.connect(Socket.java:538)
	at java.net.Socket.<init>(Socket.java:434)
	at java.net.Socket.<init>(Socket.java:211)
	at org.apache.catalina.startup.Catalina.stopServer(Catalina.java:450)
	at sun.reflect.NativeMethodAccessorImpl.invoke0(Native Method)
	at sun.reflect.NativeMethodAccessorImpl.invoke(NativeMethodAccessorImpl.java:62)
	at sun.reflect.DelegatingMethodAccessorImpl.invoke(DelegatingMethodAccessorImpl.java:43)
	at java.lang.reflect.Method.invoke(Method.java:498)
	at org.apache.catalina.startup.Bootstrap.stopServer(Bootstrap.java:400)
	at org.apache.catalina.startup.Bootstrap.main(Bootstrap.java:487)

09-Aug-2017 16:25:47.239 SEVERE [main] org.apache.catalina.startup.Catalina.stopServer Could not contact localhost:8005. Tomcat may not be running.
09-Aug-2017 16:25:47.246 SEVERE [main] org.apache.catalina.startup.Catalina.stopServer Catalina.stop: 
 java.net.ConnectException: Connection refused: connect
	at java.net.DualStackPlainSocketImpl.connect0(Native Method)
	at java.net.DualStackPlainSocketImpl.socketConnect(DualStackPlainSocketImpl.java:79)
	at java.net.AbstractPlainSocketImpl.doConnect(AbstractPlainSocketImpl.java:350)
	at java.net.AbstractPlainSocketImpl.connectToAddress(AbstractPlainSocketImpl.java:206)
	at java.net.AbstractPlainSocketImpl.connect(AbstractPlainSocketImpl.java:188)
	at java.net.PlainSocketImpl.connect(PlainSocketImpl.java:172)
	at java.net.SocksSocketImpl.connect(SocksSocketImpl.java:392)
	at java.net.Socket.connect(Socket.java:589)
	at java.net.Socket.connect(Socket.java:538)
	at java.net.Socket.<init>(Socket.java:434)
	at java.net.Socket.<init>(Socket.java:211)
	at org.apache.catalina.startup.Catalina.stopServer(Catalina.java:450)
	at sun.reflect.NativeMethodAccessorImpl.invoke0(Native Method)
	at sun.reflect.NativeMethodAccessorImpl.invoke(NativeMethodAccessorImpl.java:62)
	at sun.reflect.DelegatingMethodAccessorImpl.invoke(DelegatingMethodAccessorImpl.java:43)
	at java.lang.reflect.Method.invoke(Method.java:498)
	at org.apache.catalina.startup.Bootstrap.stopServer(Bootstrap.java:400)
	at org.apache.catalina.startup.Bootstrap.main(Bootstrap.java:487)

09-Aug-2017 16:25:49.731 SEVERE [main] org.apache.catalina.startup.Catalina.stopServer Could not contact localhost:8005. Tomcat may not be running.
09-Aug-2017 16:25:49.738 SEVERE [main] org.apache.catalina.startup.Catalina.stopServer Catalina.stop: 
 java.net.ConnectException: Connection refused: connect
	at java.net.DualStackPlainSocketImpl.connect0(Native Method)
	at java.net.DualStackPlainSocketImpl.socketConnect(DualStackPlainSocketImpl.java:79)
	at java.net.AbstractPlainSocketImpl.doConnect(AbstractPlainSocketImpl.java:350)
	at java.net.AbstractPlainSocketImpl.connectToAddress(AbstractPlainSocketImpl.java:206)
	at java.net.AbstractPlainSocketImpl.connect(AbstractPlainSocketImpl.java:188)
	at java.net.PlainSocketImpl.connect(PlainSocketImpl.java:172)
	at java.net.SocksSocketImpl.connect(SocksSocketImpl.java:392)
	at java.net.Socket.connect(Socket.java:589)
	at java.net.Socket.connect(Socket.java:538)
	at java.net.Socket.<init>(Socket.java:434)
	at java.net.Socket.<init>(Socket.java:211)
	at org.apache.catalina.startup.Catalina.stopServer(Catalina.java:450)
	at sun.reflect.NativeMethodAccessorImpl.invoke0(Native Method)
	at sun.reflect.NativeMethodAccessorImpl.invoke(NativeMethodAccessorImpl.java:62)
	at sun.reflect.DelegatingMethodAccessorImpl.invoke(DelegatingMethodAccessorImpl.java:43)
	at java.lang.reflect.Method.invoke(Method.java:498)
	at org.apache.catalina.startup.Bootstrap.stopServer(Bootstrap.java:400)
	at org.apache.catalina.startup.Bootstrap.main(Bootstrap.java:487)

09-Aug-2017 16:54:21.852 SEVERE [main] org.apache.catalina.startup.Catalina.stopServer Could not contact localhost:8005. Tomcat may not be running.
09-Aug-2017 16:54:21.855 SEVERE [main] org.apache.catalina.startup.Catalina.stopServer Catalina.stop: 
 java.net.ConnectException: Connection refused: connect
	at java.net.DualStackPlainSocketImpl.connect0(Native Method)
	at java.net.DualStackPlainSocketImpl.socketConnect(DualStackPlainSocketImpl.java:79)
	at java.net.AbstractPlainSocketImpl.doConnect(AbstractPlainSocketImpl.java:350)
	at java.net.AbstractPlainSocketImpl.connectToAddress(AbstractPlainSocketImpl.java:206)
	at java.net.AbstractPlainSocketImpl.connect(AbstractPlainSocketImpl.java:188)
	at java.net.PlainSocketImpl.connect(PlainSocketImpl.java:172)
	at java.net.SocksSocketImpl.connect(SocksSocketImpl.java:392)
	at java.net.Socket.connect(Socket.java:589)
	at java.net.Socket.connect(Socket.java:538)
	at java.net.Socket.<init>(Socket.java:434)
	at java.net.Socket.<init>(Socket.java:211)
	at org.apache.catalina.startup.Catalina.stopServer(Catalina.java:450)
	at sun.reflect.NativeMethodAccessorImpl.invoke0(Native Method)
	at sun.reflect.NativeMethodAccessorImpl.invoke(NativeMethodAccessorImpl.java:62)
	at sun.reflect.DelegatingMethodAccessorImpl.invoke(DelegatingMethodAccessorImpl.java:43)
	at java.lang.reflect.Method.invoke(Method.java:498)
	at org.apache.catalina.startup.Bootstrap.stopServer(Bootstrap.java:400)
	at org.apache.catalina.startup.Bootstrap.main(Bootstrap.java:487)

